<?xml version="1.0" encoding="UTF-8"?>
<coverage generated="1785247264185" clover="3.2.0">
  <project timestamp="1785247264186" name="All files">
    <metrics statements="55" coveredstatements="52" conditionals="20" coveredconditionals="18" methods="9" coveredmethods="8" elements="84" coveredelements="78" complexity="0" loc="55" ncloc="55" packages="1" files="1" classes="1"/>
    <file name="server.js" path="/home/user/API_DB/server.js">
      <metrics statements="55" coveredstatements="52" conditionals="20" coveredconditionals="18" methods="9" coveredmethods="8"/>
      <line num="1" count="1" type="stmt"/>
      <line num="2" count="1" type="stmt"/>
      <line num="4" count="1" type="stmt"/>
      <line num="5" count="1" type="cond" truecount="2" falsecount="0"/>
      <line num="7" count="1" type="stmt"/>
      <line num="8" count="1" type="stmt"/>
      <line num="10" count="1" type="stmt"/>
      <line num="13" count="21" type="stmt"/>
      <line num="14" count="21" type="stmt"/>
      <line num="15" count="20" type="cond" truecount="2" falsecount="0"/>
      <line num="17" count="1" type="stmt"/>
      <line num="22" count="3" type="stmt"/>
      <line num="23" count="3" type="stmt"/>
      <line num="24" count="3" type="stmt"/>
      <line num="25" count="18" type="stmt"/>
      <line num="27" count="3" type="stmt"/>
      <line num="30" count="1" type="stmt"/>
      <line num="31" count="22" type="stmt"/>
      <line num="33" count="22" type="cond" truecount="2" falsecount="0"/>
      <line num="34" count="1" type="stmt"/>
      <line num="37" count="21" type="cond" truecount="2" falsecount="0"/>
      <line num="38" count="1" type="stmt"/>
      <line num="41" count="20" type="stmt"/>
      <line num="43" count="20" type="cond" truecount="2" falsecount="0"/>
      <line num="44" count="17" type="cond" truecount="2" falsecount="0"/>
      <line num="45" count="1" type="stmt"/>
      <line num="48" count="3" type="stmt"/>
      <line num="49" count="3" type="stmt"/>
      <line num="53" count="19" type="stmt"/>
      <line num="60" count="19" type="stmt"/>
      <line num="62" count="19" type="stmt"/>
      <line num="70" count="1" type="stmt"/>
      <line num="71" count="18" type="stmt"/>
      <line num="73" count="18" type="cond" truecount="1" falsecount="1"/>
      <line num="74" count="0" type="stmt"/>
      <line num="77" count="18" type="stmt"/>
      <line num="79" count="18" type="cond" truecount="2" falsecount="0"/>
      <line num="80" count="2" type="stmt"/>
      <line num="83" count="16" type="stmt"/>
      <line num="85" count="16" type="stmt"/>
      <line num="88" count="1" type="stmt"/>
      <line num="89" count="6" type="stmt"/>
      <line num="91" count="4" type="stmt"/>
      <line num="95" count="10" type="stmt"/>
      <line num="100" count="1" type="stmt"/>
      <line num="101" count="2" type="stmt"/>
      <line num="103" count="2" type="cond" truecount="2" falsecount="0"/>
      <line num="104" count="1" type="stmt"/>
      <line num="107" count="1" type="stmt"/>
      <line num="108" count="1" type="stmt"/>
      <line num="111" count="1" type="cond" truecount="1" falsecount="1"/>
      <line num="112" count="0" type="stmt"/>
      <line num="113" count="0" type="stmt"/>
      <line num="117" count="1" type="stmt"/>
      <line num="118" count="1" type="stmt"/>
    </file>
  </project>
</coverage>
