TN:
SF:server.js
FN:12,isValidUrl
FN:21,generateShortCode
FN:30,(anonymous_2)
FN:70,(anonymous_3)
FN:88,(anonymous_4)
FN:89,(anonymous_5)
FN:95,(anonymous_6)
FN:100,(anonymous_7)
FN:112,(anonymous_8)
FNF:9
FNH:8
FNDA:21,isValidUrl
FNDA:3,generateShortCode
FNDA:22,(anonymous_2)
FNDA:18,(anonymous_3)
FNDA:4,(anonymous_4)
FNDA:6,(anonymous_5)
FNDA:10,(anonymous_6)
FNDA:2,(anonymous_7)
FNDA:0,(anonymous_8)
DA:1,1
DA:2,1
DA:4,1
DA:5,1
DA:7,1
DA:8,1
DA:10,1
DA:13,21
DA:14,21
DA:15,20
DA:17,1
DA:22,3
DA:23,3
DA:24,3
DA:25,18
DA:27,3
DA:30,1
DA:31,22
DA:33,22
DA:34,1
DA:37,21
DA:38,1
DA:41,20
DA:43,20
DA:44,17
DA:45,1
DA:48,3
DA:49,3
DA:53,19
DA:60,19
DA:62,19
DA:70,1
DA:71,18
DA:73,18
DA:74,0
DA:77,18
DA:79,18
DA:80,2
DA:83,16
DA:85,16
DA:88,1
DA:89,6
DA:91,4
DA:95,10
DA:100,1
DA:101,2
DA:103,2
DA:104,1
DA:107,1
DA:108,1
DA:111,1
DA:112,0
DA:113,0
DA:117,1
DA:118,1
LF:55
LH:52
BRDA:5,0,0,1
BRDA:5,0,1,1
BRDA:15,1,0,20
BRDA:15,1,1,19
BRDA:33,2,0,1
BRDA:33,2,1,21
BRDA:37,3,0,1
BRDA:37,3,1,20
BRDA:43,4,0,17
BRDA:43,4,1,3
BRDA:44,5,0,1
BRDA:44,5,1,16
BRDA:73,6,0,0
BRDA:73,6,1,18
BRDA:79,7,0,2
BRDA:79,7,1,16
BRDA:103,8,0,1
BRDA:103,8,1,1
BRDA:111,9,0,0
BRDA:111,9,1,1
BRF:20
BRH:18
end_of_record
